<?xml version="1.0" encoding="UTF-8"?>
<testsuite name="Cucumber" time="31.28" tests="1" skipped="0" failures="0" errors="0">
<testcase classname="to valid the cancellation Functionalities" name="To validate the cancellation functionality in Booking.com by invalid Details" time="31.18">
<system-out><![CDATA[
Given The user need to Book the application.................................passed
When The user now Select the Hotel..........................................passed
And the user need to reserve the Hotel and fill all details"invalid"........passed
Then The user receive the Error Message.....................................passed
]]></system-out>
</testcase>
</testsuite>
